<?xml version="1.0" encoding="UTF-8"?>
<!-- Generated by org.testng.reporters.JUnitXMLReporter -->
<testsuite hostname="CO-IT020751" ignored="5" name="User and Store Functionalities" tests="6" failures="0" timestamp="2026-09-07T11:08:05 COT" time="10.097" errors="0">
  <testcase name="shouldCreateUserSuccessfully" time="4.125" classname="com.globant.automation.test.CreateUserTests"/>
  <testcase name="shouldLoginWithNewlyCreatedUser" time="1.009" classname="com.globant.automation.test.LoginUserTests"/>
  <testcase name="shouldListOnlyAvailablePets" time="1.442" classname="com.globant.automation.test.GetAvailablePetsTests"/>
  <testcase name="shouldGetPetDetailsById" time="0.937" classname="com.globant.automation.test.GetPetByIdTests"/>
  <testcase name="shouldCreateOrderForPet" time="1.015" classname="com.globant.automation.test.CreateOrderTests"/>
  <testcase name="shouldLogoutSuccessfully" time="1.502" classname="com.globant.automation.test.LogoutUserTests"/>
  <testcase name="@BeforeSuite setUpEnvironment" time="0.0" classname="com.globant.automation.config.TestRunner">
    <ignored/>
  </testcase> <!-- @BeforeSuite setUpEnvironment -->
  <testcase name="@BeforeSuite setUpEnvironment" time="0.0" classname="com.globant.automation.config.TestRunner">
    <ignored/>
  </testcase> <!-- @BeforeSuite setUpEnvironment -->
  <testcase name="@BeforeSuite setUpEnvironment" time="0.0" classname="com.globant.automation.config.TestRunner">
    <ignored/>
  </testcase> <!-- @BeforeSuite setUpEnvironment -->
  <testcase name="@BeforeSuite setUpEnvironment" time="0.0" classname="com.globant.automation.config.TestRunner">
    <ignored/>
  </testcase> <!-- @BeforeSuite setUpEnvironment -->
  <testcase name="@BeforeSuite setUpEnvironment" time="0.0" classname="com.globant.automation.config.TestRunner">
    <ignored/>
  </testcase> <!-- @BeforeSuite setUpEnvironment -->
</testsuite> <!-- User and Store Functionalities -->
