<?xml version="1.0" encoding="UTF-8"?>
<!-- Generated by org.testng.reporters.JUnitReportReporter -->
<testsuite skipped="0" hostname="CO-IT020751" name="com.globant.automation.test.GetAvailablePetsTests" tests="1" failures="0" timestamp="2026-09-07T11:08:05 COT" time="1.442" errors="0">
  <testcase name="shouldListOnlyAvailablePets" time="1.442" classname="com.globant.automation.test.GetAvailablePetsTests"/>
  <system-out/>
</testsuite> <!-- com.globant.automation.test.GetAvailablePetsTests -->
